<?xml version="1.0" encoding="UTF-8"?>
<!-- Generated by org.testng.reporters.JUnitXMLReporter -->
<testsuite hostname="DESKTOP-U4TDB48" ignored="2" name="Test" tests="5" failures="0" timestamp="2021-03-02T00:18:31 IST" time="95.796" errors="0">
  <testcase name="createpurchaseorder" time="13.245" classname="com.crm.vtiger.testscripts.Deliveredpurchaseorder"/>
  <testcase name="createpurchaseorderwithdeliveredstatus" time="7.485" classname="com.crm.vtiger.testscripts.Deliveredpurchaseorder">
    <skipped/>
  </testcase> <!-- createpurchaseorderwithdeliveredstatus -->
  <testcase name="createpurchaseorderwithdeliveredstatus" time="15.509" classname="com.crm.vtiger.testscripts.Deliveredpurchaseorder"/>
  <testcase name="createpurchaseorder" time="12.838" classname="com.crm.vtiger.testscripts.Cancelledpurchaseorder"/>
  <testcase name="createpurchaseorderwithcancelledstatus" time="13.491" classname="com.crm.vtiger.testscripts.Cancelledpurchaseorder"/>
  <testcase name="@BeforeSuite configBeforeSuite" time="0.0" classname="com.genericlib.BaseClass">
    <ignored/>
  </testcase> <!-- @BeforeSuite configBeforeSuite -->
  <testcase name="@AfterSuite configAfterSuite" time="0.0" classname="com.genericlib.BaseClass">
    <ignored/>
  </testcase> <!-- @AfterSuite configAfterSuite -->
</testsuite> <!-- Test -->
