<?xml version="1.0" encoding="UTF-8"?>
<!-- Generated by org.testng.reporters.JUnitXMLReporter -->
<testsuite hostname="DESKTOP-U4TDB48" ignored="6" name="Test" tests="5" failures="0" timestamp="2021-05-06T20:32:18 IST" time="101.18" errors="0">
  <testcase name="createpurchaseorderwithdeliveredstatus" time="12.988" classname="com.crm.vtiger.testscripts.Deliveredpurchaseorder"/>
  <testcase name="createpurchaseorderwithcancelledstatus" time="8.202" classname="com.crm.vtiger.testscripts.Cancelledpurchaseorder">
    <skipped/>
  </testcase> <!-- createpurchaseorderwithcancelledstatus -->
  <testcase name="createpurchaseorderwithcancelledstatus" time="13.275" classname="com.crm.vtiger.testscripts.Cancelledpurchaseorder"/>
  <testcase name="createpurchaseorderwithreceivedshipmentstatus" time="12.717" classname="com.crm.vtiger.testscripts.Receivedshipmentpurchaseorder"/>
  <testcase name="createpurchaseordeassignedtomarketinggroup" time="12.667" classname="com.crm.vtiger.testscripts.Assignedtomarketinggrouppurchaseorder"/>
  <testcase name="@AfterSuite configAfterSuite" time="0.0" classname="com.commonlib.Rootclass">
    <ignored/>
  </testcase> <!-- @AfterSuite configAfterSuite -->
  <testcase name="@AfterSuite configAfterSuite" time="0.0" classname="com.commonlib.Rootclass">
    <ignored/>
  </testcase> <!-- @AfterSuite configAfterSuite -->
  <testcase name="@AfterSuite configAfterSuite" time="0.0" classname="com.commonlib.Rootclass">
    <ignored/>
  </testcase> <!-- @AfterSuite configAfterSuite -->
  <testcase name="@BeforeSuite configBeforeSuite" time="0.0" classname="com.commonlib.Rootclass">
    <ignored/>
  </testcase> <!-- @BeforeSuite configBeforeSuite -->
  <testcase name="@BeforeSuite configBeforeSuite" time="0.0" classname="com.commonlib.Rootclass">
    <ignored/>
  </testcase> <!-- @BeforeSuite configBeforeSuite -->
  <testcase name="@BeforeSuite configBeforeSuite" time="0.0" classname="com.commonlib.Rootclass">
    <ignored/>
  </testcase> <!-- @BeforeSuite configBeforeSuite -->
</testsuite> <!-- Test -->
