<?xml version="1.0" encoding="UTF-8"?>
<testng-results skipped="0" failed="0" ignored="0" total="1" passed="1">
  <reporter-output>
  </reporter-output>
  <suite name="Default suite" duration-ms="81" started-at="2021-03-15T13:10:35 IST" finished-at="2021-03-15T13:10:35 IST">
    <groups>
    </groups>
    <test name="Default test" duration-ms="81" started-at="2021-03-15T13:10:35 IST" finished-at="2021-03-15T13:10:35 IST">
      <class name="com.practice.Test1">
        <test-method status="PASS" signature="print()[pri:0, instance:com.practice.Test1@3224f60b]" name="print" duration-ms="15" started-at="2021-03-15T13:10:35 IST" finished-at="2021-03-15T13:10:35 IST">
          <reporter-output>
          </reporter-output>
        </test-method> <!-- print -->
      </class> <!-- com.practice.Test1 -->
    </test> <!-- Default test -->
  </suite> <!-- Default suite -->
</testng-results>
